  PacShow.cpp
C:\Users\Administrator\Documents\VisualStudio2022Proj\C++\PacShow\PacShow\maze.h(131,42): warning C4244: 'argument': conversion from 'int' to 'float', possible loss of data
C:\Users\Administrator\Documents\VisualStudio2022Proj\C++\PacShow\PacShow\maze.h(131,34): warning C4244: 'argument': conversion from 'int' to 'float', possible loss of data
C:\Users\Administrator\Documents\VisualStudio2022Proj\C++\PacShow\PacShow\maze.h(142,58): warning C4244: 'argument': conversion from 'int' to 'float', possible loss of data
C:\Users\Administrator\Documents\VisualStudio2022Proj\C++\PacShow\PacShow\maze.h(142,40): warning C4244: 'argument': conversion from 'int' to 'float', possible loss of data
C:\Users\Administrator\Documents\VisualStudio2022Proj\C++\PacShow\PacShow\pac.h(57,41): warning C4244: 'argument': conversion from 'int' to 'float', possible loss of data
C:\Users\Administrator\Documents\VisualStudio2022Proj\C++\PacShow\PacShow\pac.h(57,31): warning C4244: 'argument': conversion from 'int' to 'float', possible loss of data
C:\Users\Administrator\Documents\VisualStudio2022Proj\C++\PacShow\PacShow\pac.h(68,64): warning C4244: 'argument': conversion from 'int' to 'T', possible loss of data
          with
          [
              T=float
          ]
C:\Users\Administrator\Documents\VisualStudio2022Proj\C++\PacShow\PacShow\pac.h(68,40): warning C4244: 'argument': conversion from 'int' to 'T', possible loss of data
          with
          [
              T=float
          ]
C:\Users\Administrator\Documents\VisualStudio2022Proj\C++\PacShow\PacShow\pac.h(78,1): warning C4305: '+=': truncation from 'double' to 'float'
C:\Users\Administrator\Documents\VisualStudio2022Proj\C++\PacShow\PacShow\pac.h(166,41): warning C4244: 'return': conversion from 'T' to 'int', possible loss of data
          with
          [
              T=float
          ]
C:\Users\Administrator\Documents\VisualStudio2022Proj\C++\PacShow\PacShow\pac.h(172,43): warning C4244: 'return': conversion from 'T' to 'int', possible loss of data
          with
          [
              T=float
          ]
  Generating code
  21 of 224 functions ( 9.4%) were compiled, the rest were copied from previous compilation.
    0 functions were new in current compilation
    1 functions had inline decision re-evaluated but remain unchanged
  Finished generating code
  PacShow.vcxproj -> C:\Users\Administrator\Documents\VisualStudio2022Proj\C++\PacShow\x64\Release\PacShow.exe
